<?xml version="1.0" encoding="UTF-8"?>
<testng-results ignored="0" total="2" passed="2" failed="0" skipped="0">
  <reporter-output>
  </reporter-output>
  <suite started-at="2022-10-11T19:52:04 IST" name="Default suite" finished-at="2022-10-11T19:54:26 IST" duration-ms="142249">
    <groups>
      <group name="Chrome">
        <method signature="SearchOnFlipkart.chromeTest()[pri:0, instance:searchProduct.SearchOnFlipkart@5f058f00]" name="chromeTest" class="searchProduct.SearchOnFlipkart"/>
      </group> <!-- Chrome -->
      <group name="Edge">
        <method signature="SearchOnFlipkart.firefoxTest()[pri:0, instance:searchProduct.SearchOnFlipkart@5f058f00]" name="firefoxTest" class="searchProduct.SearchOnFlipkart"/>
      </group> <!-- Edge -->
    </groups>
    <test started-at="2022-10-11T19:52:04 IST" name="Default test" finished-at="2022-10-11T19:54:26 IST" duration-ms="142249">
      <class name="searchProduct.SearchOnFlipkart">
        <test-method is-config="true" signature="beforeTest()[pri:0, instance:searchProduct.SearchOnFlipkart@5f058f00]" started-at="2022-10-11T19:52:04 IST" name="beforeTest" finished-at="2022-10-11T19:52:04 IST" duration-ms="8" status="PASS">
          <reporter-output>
          </reporter-output>
        </test-method> <!-- beforeTest -->
        <test-method signature="chromeTest()[pri:0, instance:searchProduct.SearchOnFlipkart@5f058f00]" started-at="2022-10-11T19:52:04 IST" name="chromeTest" finished-at="2022-10-11T19:52:51 IST" duration-ms="47180" status="PASS">
          <reporter-output>
          </reporter-output>
        </test-method> <!-- chromeTest -->
        <test-method signature="firefoxTest()[pri:0, instance:searchProduct.SearchOnFlipkart@5f058f00]" started-at="2022-10-11T19:52:51 IST" name="firefoxTest" finished-at="2022-10-11T19:54:26 IST" duration-ms="95017" status="PASS">
          <reporter-output>
          </reporter-output>
        </test-method> <!-- firefoxTest -->
        <test-method is-config="true" signature="afterTest()[pri:0, instance:searchProduct.SearchOnFlipkart@5f058f00]" started-at="2022-10-11T19:54:26 IST" name="afterTest" finished-at="2022-10-11T19:54:26 IST" duration-ms="0" status="PASS">
          <reporter-output>
          </reporter-output>
        </test-method> <!-- afterTest -->
      </class> <!-- searchProduct.SearchOnFlipkart -->
    </test> <!-- Default test -->
  </suite> <!-- Default suite -->
</testng-results>
